0 info it worked if it ends with ok
1 verbose cli [ '/usr/local/Cellar/node/11.5.0/bin/node',
1 verbose cli   '/usr/local/bin/npm',
1 verbose cli   'bugs',
1 verbose cli   'cryptochain' ]
2 info using npm@2.15.0
3 info using node@v11.5.0
4 silly mapToRegistry name cryptochain
5 silly mapToRegistry using default registry
6 silly mapToRegistry registry https://registry.npmjs.org/
7 silly mapToRegistry data Result {
7 silly mapToRegistry   raw: 'cryptochain',
7 silly mapToRegistry   scope: null,
7 silly mapToRegistry   name: 'cryptochain',
7 silly mapToRegistry   rawSpec: '',
7 silly mapToRegistry   spec: 'latest',
7 silly mapToRegistry   type: 'tag' }
8 silly mapToRegistry uri https://registry.npmjs.org/cryptochain
9 verbose request uri https://registry.npmjs.org/cryptochain/latest
10 verbose request no auth needed
11 info attempt registry request try #1 at 9:17:26 PM
12 verbose request id 05ae578907030aa0
13 http request GET https://registry.npmjs.org/cryptochain/latest
14 http 404 https://registry.npmjs.org/cryptochain/latest
15 verbose headers { date: 'Sun, 23 Dec 2018 05:17:26 GMT',
15 verbose headers   'content-type': 'application/json',
15 verbose headers   'content-length': '11',
15 verbose headers   connection: 'keep-alive',
15 verbose headers   'set-cookie':
15 verbose headers    [ '__cfduid=d1def2cbd4401611107622c63b3f62f521545542246; expires=Mon, 23-Dec-19 05:17:26 GMT; path=/; domain=.registry.npmjs.org; HttpOnly' ],
15 verbose headers   'cf-ray': '48d85c9e3c8e79f9-SEA',
15 verbose headers   'expect-ct':
15 verbose headers    'max-age=604800, report-uri="https://report-uri.cloudflare.com/cdn-cgi/beacon/expect-ct"',
15 verbose headers   vary: 'Accept-Encoding',
15 verbose headers   server: 'cloudflare' }
16 silly get cb [ 404,
16 silly get   { date: 'Sun, 23 Dec 2018 05:17:26 GMT',
16 silly get     'content-type': 'application/json',
16 silly get     'content-length': '11',
16 silly get     connection: 'keep-alive',
16 silly get     'set-cookie':
16 silly get      [ '__cfduid=d1def2cbd4401611107622c63b3f62f521545542246; expires=Mon, 23-Dec-19 05:17:26 GMT; path=/; domain=.registry.npmjs.org; HttpOnly' ],
16 silly get     'cf-ray': '48d85c9e3c8e79f9-SEA',
16 silly get     'expect-ct':
16 silly get      'max-age=604800, report-uri="https://report-uri.cloudflare.com/cdn-cgi/beacon/expect-ct"',
16 silly get     vary: 'Accept-Encoding',
16 silly get     server: 'cloudflare' } ]
17 verbose stack Error: Registry returned 404 for GET on https://registry.npmjs.org/cryptochain/latest
17 verbose stack     at makeError (/usr/local/lib/node_modules/npm/node_modules/npm-registry-client/lib/request.js:264:12)
17 verbose stack     at CachingRegistryClient.<anonymous> (/usr/local/lib/node_modules/npm/node_modules/npm-registry-client/lib/request.js:242:14)
17 verbose stack     at Request._callback (/usr/local/lib/node_modules/npm/node_modules/npm-registry-client/lib/request.js:172:14)
17 verbose stack     at Request.self.callback (/usr/local/lib/node_modules/npm/node_modules/request/request.js:199:22)
17 verbose stack     at Request.emit (events.js:189:13)
17 verbose stack     at Request.<anonymous> (/usr/local/lib/node_modules/npm/node_modules/request/request.js:1036:10)
17 verbose stack     at Request.emit (events.js:194:15)
17 verbose stack     at IncomingMessage.<anonymous> (/usr/local/lib/node_modules/npm/node_modules/request/request.js:963:12)
17 verbose stack     at IncomingMessage.emit (events.js:194:15)
17 verbose stack     at endReadableNT (_stream_readable.js:1129:12)
18 verbose statusCode 404
19 verbose pkgid cryptochain
20 verbose cwd /Users/marcpierne/cryptochain
21 error Darwin 16.7.0
22 error argv "/usr/local/Cellar/node/11.5.0/bin/node" "/usr/local/bin/npm" "bugs" "cryptochain"
23 error node v11.5.0
24 error npm  v2.15.0
25 error code E404
26 error 404 Registry returned 404 for GET on https://registry.npmjs.org/cryptochain/latest
26 error 404
26 error 404 'cryptochain' is not in the npm registry.
26 error 404 You should bug the author to publish it (or use the name yourself!)
26 error 404
26 error 404 Note that you can also install from a
26 error 404 tarball, folder, http url, or git url.
27 verbose exit [ 1, true ]
